  stdafx.cpp
  bmp_to_R5G6B5.cpp
v:\_cfa-ots\cfaf\cfaf1024600b0-070sc\software 10099 hack\cfaf480128_on_cfa10099\bmp_to_565_split\bmp_to_r5g6b5\bmp_to_r5g6b5\bmp_to_r5g6b5.cpp(107): warning C4477: 'wprintf' : format string '%s' requires an argument of type 'wchar_t *', but variadic argument 2 has type 'char *'
  v:\_cfa-ots\cfaf\cfaf1024600b0-070sc\software 10099 hack\cfaf480128_on_cfa10099\bmp_to_565_split\bmp_to_r5g6b5\bmp_to_r5g6b5\bmp_to_r5g6b5.cpp(107): note: consider using '%hs' in the format string
  v:\_cfa-ots\cfaf\cfaf1024600b0-070sc\software 10099 hack\cfaf480128_on_cfa10099\bmp_to_565_split\bmp_to_r5g6b5\bmp_to_r5g6b5\bmp_to_r5g6b5.cpp(107): note: consider using '%Ts' in the format string
  v:\_cfa-ots\cfaf\cfaf1024600b0-070sc\software 10099 hack\cfaf480128_on_cfa10099\bmp_to_565_split\bmp_to_r5g6b5\bmp_to_r5g6b5\bmp_to_r5g6b5.cpp(107): note: this warning is based on non-standard semantics used by Visual C++
v:\_cfa-ots\cfaf\cfaf1024600b0-070sc\software 10099 hack\cfaf480128_on_cfa10099\bmp_to_565_split\bmp_to_r5g6b5\bmp_to_r5g6b5\bmp_to_r5g6b5.cpp(107): warning C4996: 'strerror': This function or variable may be unsafe. Consider using strerror_s instead. To disable deprecation, use _CRT_SECURE_NO_WARNINGS. See online help for details.
  c:\program files (x86)\windows kits\10\include\10.0.17763.0\ucrt\string.h(182): note: see declaration of 'strerror'
v:\_cfa-ots\cfaf\cfaf1024600b0-070sc\software 10099 hack\cfaf480128_on_cfa10099\bmp_to_565_split\bmp_to_r5g6b5\bmp_to_r5g6b5\bmp_to_r5g6b5.cpp(270): warning C4477: 'wprintf' : format string '%s' requires an argument of type 'wchar_t *', but variadic argument 2 has type 'char *'
  v:\_cfa-ots\cfaf\cfaf1024600b0-070sc\software 10099 hack\cfaf480128_on_cfa10099\bmp_to_565_split\bmp_to_r5g6b5\bmp_to_r5g6b5\bmp_to_r5g6b5.cpp(270): note: consider using '%hs' in the format string
  v:\_cfa-ots\cfaf\cfaf1024600b0-070sc\software 10099 hack\cfaf480128_on_cfa10099\bmp_to_565_split\bmp_to_r5g6b5\bmp_to_r5g6b5\bmp_to_r5g6b5.cpp(270): note: consider using '%Ts' in the format string
  v:\_cfa-ots\cfaf\cfaf1024600b0-070sc\software 10099 hack\cfaf480128_on_cfa10099\bmp_to_565_split\bmp_to_r5g6b5\bmp_to_r5g6b5\bmp_to_r5g6b5.cpp(270): note: this warning is based on non-standard semantics used by Visual C++
v:\_cfa-ots\cfaf\cfaf1024600b0-070sc\software 10099 hack\cfaf480128_on_cfa10099\bmp_to_565_split\bmp_to_r5g6b5\bmp_to_r5g6b5\bmp_to_r5g6b5.cpp(460): warning C4477: 'wprintf' : format string '%s' requires an argument of type 'wchar_t *', but variadic argument 2 has type 'char *'
  v:\_cfa-ots\cfaf\cfaf1024600b0-070sc\software 10099 hack\cfaf480128_on_cfa10099\bmp_to_565_split\bmp_to_r5g6b5\bmp_to_r5g6b5\bmp_to_r5g6b5.cpp(460): note: consider using '%hs' in the format string
  v:\_cfa-ots\cfaf\cfaf1024600b0-070sc\software 10099 hack\cfaf480128_on_cfa10099\bmp_to_565_split\bmp_to_r5g6b5\bmp_to_r5g6b5\bmp_to_r5g6b5.cpp(460): note: consider using '%Ts' in the format string
  v:\_cfa-ots\cfaf\cfaf1024600b0-070sc\software 10099 hack\cfaf480128_on_cfa10099\bmp_to_565_split\bmp_to_r5g6b5\bmp_to_r5g6b5\bmp_to_r5g6b5.cpp(460): note: this warning is based on non-standard semantics used by Visual C++
v:\_cfa-ots\cfaf\cfaf1024600b0-070sc\software 10099 hack\cfaf480128_on_cfa10099\bmp_to_565_split\bmp_to_r5g6b5\bmp_to_r5g6b5\bmp_to_r5g6b5.cpp(471): warning C4477: 'wprintf' : format string '%s' requires an argument of type 'wchar_t *', but variadic argument 2 has type 'char *'
  v:\_cfa-ots\cfaf\cfaf1024600b0-070sc\software 10099 hack\cfaf480128_on_cfa10099\bmp_to_565_split\bmp_to_r5g6b5\bmp_to_r5g6b5\bmp_to_r5g6b5.cpp(471): note: consider using '%hs' in the format string
  v:\_cfa-ots\cfaf\cfaf1024600b0-070sc\software 10099 hack\cfaf480128_on_cfa10099\bmp_to_565_split\bmp_to_r5g6b5\bmp_to_r5g6b5\bmp_to_r5g6b5.cpp(471): note: consider using '%Ts' in the format string
  v:\_cfa-ots\cfaf\cfaf1024600b0-070sc\software 10099 hack\cfaf480128_on_cfa10099\bmp_to_565_split\bmp_to_r5g6b5\bmp_to_r5g6b5\bmp_to_r5g6b5.cpp(471): note: this warning is based on non-standard semantics used by Visual C++
v:\_cfa-ots\cfaf\cfaf1024600b0-070sc\software 10099 hack\cfaf480128_on_cfa10099\bmp_to_565_split\bmp_to_r5g6b5\bmp_to_r5g6b5\bmp_to_r5g6b5.cpp(270): warning C4996: 'strerror': This function or variable may be unsafe. Consider using strerror_s instead. To disable deprecation, use _CRT_SECURE_NO_WARNINGS. See online help for details.
  c:\program files (x86)\windows kits\10\include\10.0.17763.0\ucrt\string.h(182): note: see declaration of 'strerror'
v:\_cfa-ots\cfaf\cfaf1024600b0-070sc\software 10099 hack\cfaf480128_on_cfa10099\bmp_to_565_split\bmp_to_r5g6b5\bmp_to_r5g6b5\bmp_to_r5g6b5.cpp(460): warning C4996: 'strerror': This function or variable may be unsafe. Consider using strerror_s instead. To disable deprecation, use _CRT_SECURE_NO_WARNINGS. See online help for details.
  c:\program files (x86)\windows kits\10\include\10.0.17763.0\ucrt\string.h(182): note: see declaration of 'strerror'
v:\_cfa-ots\cfaf\cfaf1024600b0-070sc\software 10099 hack\cfaf480128_on_cfa10099\bmp_to_565_split\bmp_to_r5g6b5\bmp_to_r5g6b5\bmp_to_r5g6b5.cpp(471): warning C4996: 'strerror': This function or variable may be unsafe. Consider using strerror_s instead. To disable deprecation, use _CRT_SECURE_NO_WARNINGS. See online help for details.
  c:\program files (x86)\windows kits\10\include\10.0.17763.0\ucrt\string.h(182): note: see declaration of 'strerror'
  Generating code
  All 7 functions were compiled because no usable IPDB/IOBJ from previous compilation was found.
  Finished generating code
  bmp_to_R5G6B5.vcxproj -> V:\_CFA-OTS\CFAF\CFAF1024600B0-070SC\software 10099 hack\CFAF480128_on_CFA10099\BMP_to_565_Split\bmp_to_R5G6B5\Release\bmp_to_R5G6B5.exe
